box () {"left":0,"right":0,"top":0,"bottom":0,"width":126,"height":22}
  box () {"left":0,"right":0,"top":0,"bottom":0,"width":25,"height":22}
    box () {"left":0,"right":0,"top":0,"bottom":0,"width":24,"height":4}
      text ("Home") {"left":1,"right":0,"top":1,"bottom":0,"width":23,"height":1}
      text ("Root") {"left":1,"right":0,"top":2,"bottom":0,"width":23,"height":1}
  box () {"left":25,"right":0,"top":0,"bottom":0,"width":101,"height":22}
    box () {"left":0,"right":0,"top":0,"bottom":0,"width":101,"height":22}
      box () {"left":0,"right":0,"top":0,"bottom":0,"width":101,"height":2}
        text ("D:\projects\tsmk\packages\tui") {"left":35,"right":0,"top":0,"bottom":0,"width":29,"height":1}
      box () {"left":0,"right":0,"top":2,"bottom":0,"width":101,"height":20}
        text ("debug-layout.log") {"left":1,"right":0,"top":0,"bottom":0,"width":99,"height":1}
        text ("debug2.log") {"left":1,"right":0,"top":1,"bottom":0,"width":99,"height":1}
        text ("[dist]") {"left":1,"right":0,"top":2,"bottom":0,"width":99,"height":1}
        text ("jest.config.js") {"left":1,"right":0,"top":3,"bottom":0,"width":99,"height":1}
        text ("[node_modules]") {"left":1,"right":0,"top":4,"bottom":0,"width":99,"height":1}
        text ("package.json") {"left":1,"right":0,"top":5,"bottom":0,"width":99,"height":1}
        text ("[src]") {"left":1,"right":0,"top":6,"bottom":0,"width":99,"height":1}
        text ("tsconfig.json") {"left":1,"right":0,"top":7,"bottom":0,"width":99,"height":1}
        text ("tui-input.log") {"left":1,"right":0,"top":8,"bottom":0,"width":99,"height":1}
        text ("tui.log") {"left":1,"right":0,"top":9,"bottom":0,"width":99,"height":1}
